<?xml version="1.0" encoding="UTF-8"?>
<testsuite xmlns:xsi="http://www.w3.org/2001/XMLSchema-instance" xsi:noNamespaceSchemaLocation="https://maven.apache.org/surefire/maven-surefire-plugin/xsd/surefire-test-report.xsd" name="com.convocraft.AppTest" time="0.043" tests="1" errors="0" skipped="0" failures="0">
  <properties>
    <property name="java.specification.version" value="23"/>
    <property name="sun.cpu.isalist" value="amd64"/>
    <property name="sun.jnu.encoding" value="Cp1252"/>
    <property name="java.class.path" value="C:\Users\parth\OneDrive\Documents\GitHub\convocraft\target\test-classes;C:\Users\parth\OneDrive\Documents\GitHub\convocraft\target\classes;C:\Users\parth\.m2\repository\junit\junit\4.11\junit-4.11.jar;C:\Users\parth\.m2\repository\org\hamcrest\hamcrest-core\1.3\hamcrest-core-1.3.jar;C:\Users\parth\.m2\repository\org\apache\activemq\activemq-broker\5.16.2\activemq-broker-5.16.2.jar;C:\Users\parth\.m2\repository\org\apache\activemq\activemq-openwire-legacy\5.16.2\activemq-openwire-legacy-5.16.2.jar;C:\Users\parth\.m2\repository\com\fasterxml\jackson\core\jackson-databind\2.9.10.8\jackson-databind-2.9.10.8.jar;C:\Users\parth\.m2\repository\com\fasterxml\jackson\core\jackson-annotations\2.9.10\jackson-annotations-2.9.10.jar;C:\Users\parth\.m2\repository\com\fasterxml\jackson\core\jackson-core\2.9.10\jackson-core-2.9.10.jar;C:\Users\parth\.m2\repository\org\apache\activemq\activemq-client\5.16.2\activemq-client-5.16.2.jar;C:\Users\parth\.m2\repository\org\slf4j\slf4j-api\1.7.30\slf4j-api-1.7.30.jar;C:\Users\parth\.m2\repository\org\apache\geronimo\specs\geronimo-jms_1.1_spec\1.1.1\geronimo-jms_1.1_spec-1.1.1.jar;C:\Users\parth\.m2\repository\org\fusesource\hawtbuf\hawtbuf\1.11\hawtbuf-1.11.jar;C:\Users\parth\.m2\repository\org\apache\geronimo\specs\geronimo-j2ee-management_1.1_spec\1.0.1\geronimo-j2ee-management_1.1_spec-1.0.1.jar;C:\Users\parth\.m2\repository\javax\jms\javax.jms-api\2.0.1\javax.jms-api-2.0.1.jar;C:\Users\parth\.m2\repository\org\apache\activemq\activemq-all\5.16.0\activemq-all-5.16.0.jar;C:\Users\parth\.m2\repository\org\jline\jline\3.27.1\jline-3.27.1.jar;C:\Users\parth\.m2\repository\org\jline\jline-terminal\3.27.1\jline-terminal-3.27.1.jar;C:\Users\parth\.m2\repository\org\jline\jline-native\3.27.1\jline-native-3.27.1.jar;"/>
    <property name="java.vm.vendor" value="Oracle Corporation"/>
    <property name="sun.arch.data.model" value="64"/>
    <property name="user.variant" value=""/>
    <property name="java.vendor.url" value="https://java.oracle.com/"/>
    <property name="user.timezone" value="Asia/Calcutta"/>
    <property name="descriptorId" value="chatroom"/>
    <property name="os.name" value="Windows 11"/>
    <property name="java.vm.specification.version" value="23"/>
    <property name="sun.java.launcher" value="SUN_STANDARD"/>
    <property name="user.country" value="IN"/>
    <property name="sun.boot.library.path" value="C:\Program Files\Java\jdk-23\bin"/>
    <property name="sun.java.command" value="C:\Users\parth\AppData\Local\Temp\surefire14021256003073628099\surefirebooter10373646986155854717.jar C:\Users\parth\AppData\Local\Temp\surefire14021256003073628099 2024-11-29T17-02-13_373-jvmRun1 surefire7132086735316284115tmp surefire_05518641110230355006tmp"/>
    <property name="jdk.debug" value="release"/>
    <property name="surefire.test.class.path" value="C:\Users\parth\OneDrive\Documents\GitHub\convocraft\target\test-classes;C:\Users\parth\OneDrive\Documents\GitHub\convocraft\target\classes;C:\Users\parth\.m2\repository\junit\junit\4.11\junit-4.11.jar;C:\Users\parth\.m2\repository\org\hamcrest\hamcrest-core\1.3\hamcrest-core-1.3.jar;C:\Users\parth\.m2\repository\org\apache\activemq\activemq-broker\5.16.2\activemq-broker-5.16.2.jar;C:\Users\parth\.m2\repository\org\apache\activemq\activemq-openwire-legacy\5.16.2\activemq-openwire-legacy-5.16.2.jar;C:\Users\parth\.m2\repository\com\fasterxml\jackson\core\jackson-databind\2.9.10.8\jackson-databind-2.9.10.8.jar;C:\Users\parth\.m2\repository\com\fasterxml\jackson\core\jackson-annotations\2.9.10\jackson-annotations-2.9.10.jar;C:\Users\parth\.m2\repository\com\fasterxml\jackson\core\jackson-core\2.9.10\jackson-core-2.9.10.jar;C:\Users\parth\.m2\repository\org\apache\activemq\activemq-client\5.16.2\activemq-client-5.16.2.jar;C:\Users\parth\.m2\repository\org\slf4j\slf4j-api\1.7.30\slf4j-api-1.7.30.jar;C:\Users\parth\.m2\repository\org\apache\geronimo\specs\geronimo-jms_1.1_spec\1.1.1\geronimo-jms_1.1_spec-1.1.1.jar;C:\Users\parth\.m2\repository\org\fusesource\hawtbuf\hawtbuf\1.11\hawtbuf-1.11.jar;C:\Users\parth\.m2\repository\org\apache\geronimo\specs\geronimo-j2ee-management_1.1_spec\1.0.1\geronimo-j2ee-management_1.1_spec-1.0.1.jar;C:\Users\parth\.m2\repository\javax\jms\javax.jms-api\2.0.1\javax.jms-api-2.0.1.jar;C:\Users\parth\.m2\repository\org\apache\activemq\activemq-all\5.16.0\activemq-all-5.16.0.jar;C:\Users\parth\.m2\repository\org\jline\jline\3.27.1\jline-3.27.1.jar;C:\Users\parth\.m2\repository\org\jline\jline-terminal\3.27.1\jline-terminal-3.27.1.jar;C:\Users\parth\.m2\repository\org\jline\jline-native\3.27.1\jline-native-3.27.1.jar;"/>
    <property name="sun.cpu.endian" value="little"/>
    <property name="user.home" value="C:\Users\parth"/>
    <property name="user.language" value="en"/>
    <property name="java.specification.vendor" value="Oracle Corporation"/>
    <property name="java.version.date" value="2024-10-15"/>
    <property name="java.home" value="C:\Program Files\Java\jdk-23"/>
    <property name="file.separator" value="\"/>
    <property name="basedir" value="C:\Users\parth\OneDrive\Documents\GitHub\convocraft"/>
    <property name="java.vm.compressedOopsMode" value="Zero based"/>
    <property name="line.separator" value="&#10;"/>
    <property name="java.vm.specification.vendor" value="Oracle Corporation"/>
    <property name="java.specification.name" value="Java Platform API Specification"/>
    <property name="surefire.real.class.path" value="C:\Users\parth\AppData\Local\Temp\surefire14021256003073628099\surefirebooter10373646986155854717.jar"/>
    <property name="user.script" value=""/>
    <property name="sun.management.compiler" value="HotSpot 64-Bit Tiered Compilers"/>
    <property name="java.runtime.version" value="23.0.1+11-39"/>
    <property name="user.name" value="parth"/>
    <property name="stdout.encoding" value="Cp1252"/>
    <property name="path.separator" value=";"/>
    <property name="os.version" value="10.0"/>
    <property name="java.runtime.name" value="Java(TM) SE Runtime Environment"/>
    <property name="file.encoding" value="UTF-8"/>
    <property name="java.vm.name" value="Java HotSpot(TM) 64-Bit Server VM"/>
    <property name="localRepository" value="C:\Users\parth\.m2\repository"/>
    <property name="java.vendor.url.bug" value="https://bugreport.java.com/bugreport/"/>
    <property name="java.io.tmpdir" value="C:\Users\parth\AppData\Local\Temp\"/>
    <property name="java.version" value="23.0.1"/>
    <property name="user.dir" value="C:\Users\parth\OneDrive\Documents\GitHub\convocraft"/>
    <property name="os.arch" value="amd64"/>
    <property name="java.vm.specification.name" value="Java Virtual Machine Specification"/>
    <property name="sun.os.patch.level" value=""/>
    <property name="native.encoding" value="Cp1252"/>
    <property name="java.library.path" value="C:\Program Files\Java\jdk-23\bin;C:\Windows\Sun\Java\bin;C:\Windows\system32;C:\Windows;C:\Program Files\Common Files\Oracle\Java\javapath;C:\Windows\system32;C:\Windows;C:\Windows\System32\Wbem;C:\Windows\System32\WindowsPowerShell\v1.0\;C:\Windows\System32\OpenSSH\;C:\Program Files (x86)\NVIDIA Corporation\PhysX\Common;C:\Program Files\NVIDIA Corporation\NVIDIA NvDLISR;C:\Program Files\Git\cmd;C:\MinGW\bin;C:\MinGW;C:\Program Files\Cloudflare\Cloudflare WARP\;C:\Program Files\apache-activemq-6.1.4;C:\Program Files\apache-activemq-6.1.4\bin;C:\Program Files\Java\jdk-23\bin;C:\Program Files\Java\jdk-23\include;C:\Program Files\apache-maven-3.9.9\bin;C:\MinGW\bin;C:\MinGW\include;C:\Users\parth\AppData\Local\Microsoft\WindowsApps;C:\Users\parth\AppData\Local\Programs\Microsoft VS Code\bin;C:\MinGW;C:\MinGW\bin;C:\Users\parth\AppData\Local\GitHubDesktop\bin;;."/>
    <property name="java.vm.info" value="mixed mode, sharing"/>
    <property name="stderr.encoding" value="Cp1252"/>
    <property name="java.vendor" value="Oracle Corporation"/>
    <property name="java.vm.version" value="23.0.1+11-39"/>
    <property name="sun.io.unicode.encoding" value="UnicodeLittle"/>
    <property name="java.class.version" value="67.0"/>
  </properties>
  <testcase name="shouldAnswerWithTrue" classname="com.convocraft.AppTest" time="0.005"/>
</testsuite>