<?xml version="1.0" encoding="UTF-8"?>
<testsuite xmlns:xsi="http://www.w3.org/2001/XMLSchema-instance" xsi:noNamespaceSchemaLocation="https://maven.apache.org/surefire/maven-surefire-plugin/xsd/surefire-test-report.xsd" name="com.convocraft.AppTest" time="0.036" tests="1" errors="0" skipped="0" failures="0">
  <properties>
    <property name="java.specification.version" value="22"/>
    <property name="sun.cpu.isalist" value="amd64"/>
    <property name="sun.jnu.encoding" value="Cp1252"/>
    <property name="java.class.path" value="C:\Users\dveer\Documents\GitHub\convocraft\target\test-classes;C:\Users\dveer\Documents\GitHub\convocraft\target\classes;C:\Users\dveer\.m2\repository\junit\junit\4.11\junit-4.11.jar;C:\Users\dveer\.m2\repository\org\hamcrest\hamcrest-core\1.3\hamcrest-core-1.3.jar;C:\Users\dveer\.m2\repository\org\apache\activemq\activemq-broker\5.16.2\activemq-broker-5.16.2.jar;C:\Users\dveer\.m2\repository\org\apache\activemq\activemq-openwire-legacy\5.16.2\activemq-openwire-legacy-5.16.2.jar;C:\Users\dveer\.m2\repository\com\fasterxml\jackson\core\jackson-databind\2.9.10.8\jackson-databind-2.9.10.8.jar;C:\Users\dveer\.m2\repository\com\fasterxml\jackson\core\jackson-annotations\2.9.10\jackson-annotations-2.9.10.jar;C:\Users\dveer\.m2\repository\com\fasterxml\jackson\core\jackson-core\2.9.10\jackson-core-2.9.10.jar;C:\Users\dveer\.m2\repository\org\apache\activemq\activemq-client\5.16.2\activemq-client-5.16.2.jar;C:\Users\dveer\.m2\repository\org\slf4j\slf4j-api\1.7.30\slf4j-api-1.7.30.jar;C:\Users\dveer\.m2\repository\org\apache\geronimo\specs\geronimo-jms_1.1_spec\1.1.1\geronimo-jms_1.1_spec-1.1.1.jar;C:\Users\dveer\.m2\repository\org\fusesource\hawtbuf\hawtbuf\1.11\hawtbuf-1.11.jar;C:\Users\dveer\.m2\repository\org\apache\geronimo\specs\geronimo-j2ee-management_1.1_spec\1.0.1\geronimo-j2ee-management_1.1_spec-1.0.1.jar;C:\Users\dveer\.m2\repository\javax\jms\javax.jms-api\2.0.1\javax.jms-api-2.0.1.jar;C:\Users\dveer\.m2\repository\org\apache\activemq\activemq-all\5.16.0\activemq-all-5.16.0.jar;"/>
    <property name="java.vm.vendor" value="Oracle Corporation"/>
    <property name="sun.arch.data.model" value="64"/>
    <property name="user.variant" value=""/>
    <property name="java.vendor.url" value="https://java.oracle.com/"/>
    <property name="user.timezone" value="Asia/Calcutta"/>
    <property name="descriptorId" value="chatroom"/>
    <property name="os.name" value="Windows 11"/>
    <property name="java.vm.specification.version" value="22"/>
    <property name="sun.java.launcher" value="SUN_STANDARD"/>
    <property name="user.country" value="IN"/>
    <property name="sun.boot.library.path" value="C:\Program Files\Java\jdk-22\bin"/>
    <property name="sun.java.command" value="C:\Users\dveer\AppData\Local\Temp\surefire7166561699580206975\surefirebooter7257564448250898041.jar C:\Users\dveer\AppData\Local\Temp\surefire7166561699580206975 2024-11-27T02-39-01_652-jvmRun1 surefire6585471639359476663tmp surefire_010815957881025848861tmp"/>
    <property name="jdk.debug" value="release"/>
    <property name="surefire.test.class.path" value="C:\Users\dveer\Documents\GitHub\convocraft\target\test-classes;C:\Users\dveer\Documents\GitHub\convocraft\target\classes;C:\Users\dveer\.m2\repository\junit\junit\4.11\junit-4.11.jar;C:\Users\dveer\.m2\repository\org\hamcrest\hamcrest-core\1.3\hamcrest-core-1.3.jar;C:\Users\dveer\.m2\repository\org\apache\activemq\activemq-broker\5.16.2\activemq-broker-5.16.2.jar;C:\Users\dveer\.m2\repository\org\apache\activemq\activemq-openwire-legacy\5.16.2\activemq-openwire-legacy-5.16.2.jar;C:\Users\dveer\.m2\repository\com\fasterxml\jackson\core\jackson-databind\2.9.10.8\jackson-databind-2.9.10.8.jar;C:\Users\dveer\.m2\repository\com\fasterxml\jackson\core\jackson-annotations\2.9.10\jackson-annotations-2.9.10.jar;C:\Users\dveer\.m2\repository\com\fasterxml\jackson\core\jackson-core\2.9.10\jackson-core-2.9.10.jar;C:\Users\dveer\.m2\repository\org\apache\activemq\activemq-client\5.16.2\activemq-client-5.16.2.jar;C:\Users\dveer\.m2\repository\org\slf4j\slf4j-api\1.7.30\slf4j-api-1.7.30.jar;C:\Users\dveer\.m2\repository\org\apache\geronimo\specs\geronimo-jms_1.1_spec\1.1.1\geronimo-jms_1.1_spec-1.1.1.jar;C:\Users\dveer\.m2\repository\org\fusesource\hawtbuf\hawtbuf\1.11\hawtbuf-1.11.jar;C:\Users\dveer\.m2\repository\org\apache\geronimo\specs\geronimo-j2ee-management_1.1_spec\1.0.1\geronimo-j2ee-management_1.1_spec-1.0.1.jar;C:\Users\dveer\.m2\repository\javax\jms\javax.jms-api\2.0.1\javax.jms-api-2.0.1.jar;C:\Users\dveer\.m2\repository\org\apache\activemq\activemq-all\5.16.0\activemq-all-5.16.0.jar;"/>
    <property name="sun.cpu.endian" value="little"/>
    <property name="user.home" value="C:\Users\dveer"/>
    <property name="user.language" value="en"/>
    <property name="java.specification.vendor" value="Oracle Corporation"/>
    <property name="java.version.date" value="2024-04-16"/>
    <property name="java.home" value="C:\Program Files\Java\jdk-22"/>
    <property name="file.separator" value="\"/>
    <property name="basedir" value="C:\Users\dveer\Documents\GitHub\convocraft"/>
    <property name="java.vm.compressedOopsMode" value="Zero based"/>
    <property name="line.separator" value="&#10;"/>
    <property name="java.vm.specification.vendor" value="Oracle Corporation"/>
    <property name="java.specification.name" value="Java Platform API Specification"/>
    <property name="surefire.real.class.path" value="C:\Users\dveer\AppData\Local\Temp\surefire7166561699580206975\surefirebooter7257564448250898041.jar"/>
    <property name="user.script" value=""/>
    <property name="sun.management.compiler" value="HotSpot 64-Bit Tiered Compilers"/>
    <property name="java.runtime.version" value="22.0.1+8-16"/>
    <property name="user.name" value="dveer"/>
    <property name="stdout.encoding" value="Cp1252"/>
    <property name="path.separator" value=";"/>
    <property name="os.version" value="10.0"/>
    <property name="java.runtime.name" value="Java(TM) SE Runtime Environment"/>
    <property name="file.encoding" value="UTF-8"/>
    <property name="java.vm.name" value="Java HotSpot(TM) 64-Bit Server VM"/>
    <property name="localRepository" value="C:\Users\dveer\.m2\repository"/>
    <property name="java.vendor.url.bug" value="https://bugreport.java.com/bugreport/"/>
    <property name="java.io.tmpdir" value="C:\Users\dveer\AppData\Local\Temp\"/>
    <property name="java.version" value="22.0.1"/>
    <property name="user.dir" value="C:\Users\dveer\Documents\GitHub\convocraft"/>
    <property name="os.arch" value="amd64"/>
    <property name="java.vm.specification.name" value="Java Virtual Machine Specification"/>
    <property name="sun.os.patch.level" value=""/>
    <property name="native.encoding" value="Cp1252"/>
    <property name="java.library.path" value="C:\Program Files\Java\jdk-22\bin;C:\WINDOWS\Sun\Java\bin;C:\WINDOWS\system32;C:\WINDOWS;C:\Program Files\PowerShell\7;C:\Program Files\Common Files\Oracle\Java\javapath;C:\WINDOWS\system32;C:\WINDOWS;C:\WINDOWS\System32\Wbem;C:\WINDOWS\System32\WindowsPowerShell\v1.0\;C:\WINDOWS\System32\OpenSSH\;C:\Program Files\dotnet\;C:\Program Files\Microsoft SQL Server\Client SDK\ODBC\170\Tools\Binn\;C:\Program Files\nodejs\;c:\Program Files (x86)\Microsoft SQL Server\100\Tools\Binn\;c:\Program Files\Microsoft SQL Server\100\Tools\Binn\;c:\Program Files\Microsoft SQL Server\100\DTS\Binn\;C:\Program Files\Java\jdk-22;C:\Program Files\Java\jdk-22\include;C:\Program Files\Java\jdk-22\bin;C:\Gradle\gradle-8.8\bin;C:\Maven\apache-maven-3.9.9\bin;C:\Program Files\MATLAB\R2024a\bin;C:\Users\dveer\Downloads\aptos;C:\msys64\usr\bin;C:\Program Files\Git\cmd;C:\Program Files\PowerShell\7\;C:\Program Files\apache-activemq-6.1.4\bin;C:\Program Files\MySQL\MySQL Shell 8.0\bin\;C:\Users\dveer\AppData\Local\Microsoft\WindowsApps;C:\Users\dveer\AppData\Local\Programs\Microsoft VS Code\bin;C:\Users\dveer\AppData\Local\Packages\PythonSoftwareFoundation.Python.3.10_qbz5n2kfra8p0\LocalCache\local-packages\Python310\Scripts;C:\Users\dveer\AppData\Local\spicetify;C:\MinGW\bin;C:\Users\dveer\AppData\Local\Packages\PythonSoftwareFoundation.Python.3.11_qbz5n2kfra8p0\LocalCache\local-packages\Python311\Scripts;C:\Users\dveer\AppData\Roaming\npm;C:\Program Files (x86)\Nmap;C:\iverilog\bin;C:\iverilog\gtkwave\bin;C:\Program Files\Java\jdk-22;C:\Program Files\Java\jdk-22\bin;C:\Program Files\Java\jdk-22\include;C:\Gradle\gradle-8.8\bin;C:\Maven\apache-maven-3.9.9\bin;C:\Users\dveer\AppData\Local\GitHubDesktop\bin;C:\Users\dveer\Downloads\aptos;C:\msys64\usr\bin;C:\Program Files\apache-activemq-6.1.4\bin;;."/>
    <property name="java.vm.info" value="mixed mode, sharing"/>
    <property name="stderr.encoding" value="Cp1252"/>
    <property name="java.vendor" value="Oracle Corporation"/>
    <property name="java.vm.version" value="22.0.1+8-16"/>
    <property name="sun.io.unicode.encoding" value="UnicodeLittle"/>
    <property name="java.class.version" value="66.0"/>
  </properties>
  <testcase name="shouldAnswerWithTrue" classname="com.convocraft.AppTest" time="0.002"/>
</testsuite>